<?xml version="1.0" encoding="UTF-8"?>
<testsuite xmlns:xsi="http://www.w3.org/2001/XMLSchema-instance" xsi:noNamespaceSchemaLocation="https://maven.apache.org/surefire/maven-surefire-plugin/xsd/surefire-test-report.xsd" name="br.com.jolly.AppTest" time="0.048" tests="1" errors="0" skipped="0" failures="0">
  <properties>
    <property name="sun.desktop" value="gnome"/>
    <property name="awt.toolkit" value="sun.awt.X11.XToolkit"/>
    <property name="java.specification.version" value="11"/>
    <property name="sun.cpu.isalist" value=""/>
    <property name="sun.jnu.encoding" value="UTF-8"/>
    <property name="java.class.path" value="/home/usuario/Área de trabalho/Projetos/Bot-Jolly/target/test-classes:/home/usuario/Área de trabalho/Projetos/Bot-Jolly/target/classes:/home/usuario/.m2/repository/com/googlecode/json-simple/json-simple/1.1.1/json-simple-1.1.1.jar:/home/usuario/.m2/repository/org/apache/logging/log4j/log4j-api/2.19.0/log4j-api-2.19.0.jar:/home/usuario/.m2/repository/org/apache/logging/log4j/log4j-core/2.19.0/log4j-core-2.19.0.jar:/home/usuario/.m2/repository/net/dv8tion/JDA/5.0.0-alpha.22/JDA-5.0.0-alpha.22.jar:/home/usuario/.m2/repository/org/slf4j/slf4j-api/1.7.36/slf4j-api-1.7.36.jar:/home/usuario/.m2/repository/com/neovisionaries/nv-websocket-client/2.14/nv-websocket-client-2.14.jar:/home/usuario/.m2/repository/com/squareup/okhttp3/okhttp/4.9.3/okhttp-4.9.3.jar:/home/usuario/.m2/repository/com/squareup/okio/okio/2.8.0/okio-2.8.0.jar:/home/usuario/.m2/repository/org/jetbrains/kotlin/kotlin-stdlib-common/1.4.0/kotlin-stdlib-common-1.4.0.jar:/home/usuario/.m2/repository/org/jetbrains/kotlin/kotlin-stdlib/1.4.10/kotlin-stdlib-1.4.10.jar:/home/usuario/.m2/repository/org/jetbrains/annotations/13.0/annotations-13.0.jar:/home/usuario/.m2/repository/club/minnced/opus-java/1.1.1/opus-java-1.1.1.jar:/home/usuario/.m2/repository/club/minnced/opus-java-api/1.1.1/opus-java-api-1.1.1.jar:/home/usuario/.m2/repository/net/java/dev/jna/jna/4.4.0/jna-4.4.0.jar:/home/usuario/.m2/repository/club/minnced/opus-java-natives/1.1.1/opus-java-natives-1.1.1.jar:/home/usuario/.m2/repository/org/apache/commons/commons-collections4/4.4/commons-collections4-4.4.jar:/home/usuario/.m2/repository/net/sf/trove4j/trove4j/3.0.3/trove4j-3.0.3.jar:/home/usuario/.m2/repository/com/fasterxml/jackson/core/jackson-core/2.13.2/jackson-core-2.13.2.jar:/home/usuario/.m2/repository/com/fasterxml/jackson/core/jackson-databind/2.13.2.2/jackson-databind-2.13.2.2.jar:/home/usuario/.m2/repository/com/fasterxml/jackson/core/jackson-annotations/2.13.2/jackson-annotations-2.13.2.jar:/home/usuario/.m2/repository/junit/junit/4.11/junit-4.11.jar:/home/usuario/.m2/repository/org/hamcrest/hamcrest-core/1.3/hamcrest-core-1.3.jar:"/>
    <property name="java.vm.vendor" value="Debian"/>
    <property name="sun.arch.data.model" value="64"/>
    <property name="java.vendor.url" value="https://tracker.debian.org/openjdk-11"/>
    <property name="user.timezone" value=""/>
    <property name="java.vm.specification.version" value="11"/>
    <property name="os.name" value="Linux"/>
    <property name="sun.java.launcher" value="SUN_STANDARD"/>
    <property name="user.country" value="BR"/>
    <property name="sun.boot.library.path" value="/usr/lib/jvm/java-11-openjdk-amd64/lib"/>
    <property name="sun.java.command" value="/home/usuario/Área de trabalho/Projetos/Bot-Jolly/target/surefire/surefirebooter28435173960795576.jar /home/usuario/Área de trabalho/Projetos/Bot-Jolly/target/surefire 2022-11-27T15-51-24_867-jvmRun1 surefire3209881740151900773tmp surefire_013747678554932063807tmp"/>
    <property name="jdk.debug" value="release"/>
    <property name="surefire.test.class.path" value="/home/usuario/Área de trabalho/Projetos/Bot-Jolly/target/test-classes:/home/usuario/Área de trabalho/Projetos/Bot-Jolly/target/classes:/home/usuario/.m2/repository/com/googlecode/json-simple/json-simple/1.1.1/json-simple-1.1.1.jar:/home/usuario/.m2/repository/org/apache/logging/log4j/log4j-api/2.19.0/log4j-api-2.19.0.jar:/home/usuario/.m2/repository/org/apache/logging/log4j/log4j-core/2.19.0/log4j-core-2.19.0.jar:/home/usuario/.m2/repository/net/dv8tion/JDA/5.0.0-alpha.22/JDA-5.0.0-alpha.22.jar:/home/usuario/.m2/repository/org/slf4j/slf4j-api/1.7.36/slf4j-api-1.7.36.jar:/home/usuario/.m2/repository/com/neovisionaries/nv-websocket-client/2.14/nv-websocket-client-2.14.jar:/home/usuario/.m2/repository/com/squareup/okhttp3/okhttp/4.9.3/okhttp-4.9.3.jar:/home/usuario/.m2/repository/com/squareup/okio/okio/2.8.0/okio-2.8.0.jar:/home/usuario/.m2/repository/org/jetbrains/kotlin/kotlin-stdlib-common/1.4.0/kotlin-stdlib-common-1.4.0.jar:/home/usuario/.m2/repository/org/jetbrains/kotlin/kotlin-stdlib/1.4.10/kotlin-stdlib-1.4.10.jar:/home/usuario/.m2/repository/org/jetbrains/annotations/13.0/annotations-13.0.jar:/home/usuario/.m2/repository/club/minnced/opus-java/1.1.1/opus-java-1.1.1.jar:/home/usuario/.m2/repository/club/minnced/opus-java-api/1.1.1/opus-java-api-1.1.1.jar:/home/usuario/.m2/repository/net/java/dev/jna/jna/4.4.0/jna-4.4.0.jar:/home/usuario/.m2/repository/club/minnced/opus-java-natives/1.1.1/opus-java-natives-1.1.1.jar:/home/usuario/.m2/repository/org/apache/commons/commons-collections4/4.4/commons-collections4-4.4.jar:/home/usuario/.m2/repository/net/sf/trove4j/trove4j/3.0.3/trove4j-3.0.3.jar:/home/usuario/.m2/repository/com/fasterxml/jackson/core/jackson-core/2.13.2/jackson-core-2.13.2.jar:/home/usuario/.m2/repository/com/fasterxml/jackson/core/jackson-databind/2.13.2.2/jackson-databind-2.13.2.2.jar:/home/usuario/.m2/repository/com/fasterxml/jackson/core/jackson-annotations/2.13.2/jackson-annotations-2.13.2.jar:/home/usuario/.m2/repository/junit/junit/4.11/junit-4.11.jar:/home/usuario/.m2/repository/org/hamcrest/hamcrest-core/1.3/hamcrest-core-1.3.jar:"/>
    <property name="sun.cpu.endian" value="little"/>
    <property name="user.home" value="/home/usuario"/>
    <property name="user.language" value="pt"/>
    <property name="java.specification.vendor" value="Oracle Corporation"/>
    <property name="java.version.date" value="2022-07-19"/>
    <property name="java.home" value="/usr/lib/jvm/java-11-openjdk-amd64"/>
    <property name="file.separator" value="/"/>
    <property name="basedir" value="/home/usuario/Área de trabalho/Projetos/Bot-Jolly"/>
    <property name="java.vm.compressedOopsMode" value="32-bit"/>
    <property name="line.separator" value="&#10;"/>
    <property name="java.specification.name" value="Java Platform API Specification"/>
    <property name="java.vm.specification.vendor" value="Oracle Corporation"/>
    <property name="java.awt.graphicsenv" value="sun.awt.X11GraphicsEnvironment"/>
    <property name="surefire.real.class.path" value="/home/usuario/Área de trabalho/Projetos/Bot-Jolly/target/surefire/surefirebooter28435173960795576.jar"/>
    <property name="sun.management.compiler" value="HotSpot 64-Bit Tiered Compilers"/>
    <property name="java.runtime.version" value="11.0.16+8-post-Debian-1deb10u1"/>
    <property name="user.name" value="usuario"/>
    <property name="path.separator" value=":"/>
    <property name="os.version" value="5.4.174-polilinux-amd64"/>
    <property name="java.runtime.name" value="OpenJDK Runtime Environment"/>
    <property name="file.encoding" value="UTF-8"/>
    <property name="java.vm.name" value="OpenJDK 64-Bit Server VM"/>
    <property name="localRepository" value="/home/usuario/.m2/repository"/>
    <property name="java.vendor.url.bug" value="https://bugs.debian.org/openjdk-11"/>
    <property name="java.io.tmpdir" value="/tmp"/>
    <property name="java.version" value="11.0.16"/>
    <property name="user.dir" value="/home/usuario/Área de trabalho/Projetos/Bot-Jolly"/>
    <property name="os.arch" value="amd64"/>
    <property name="java.vm.specification.name" value="Java Virtual Machine Specification"/>
    <property name="java.awt.printerjob" value="sun.print.PSPrinterJob"/>
    <property name="sun.os.patch.level" value="unknown"/>
    <property name="java.library.path" value="/usr/java/packages/lib:/usr/lib/x86_64-linux-gnu/jni:/lib/x86_64-linux-gnu:/usr/lib/x86_64-linux-gnu:/usr/lib/jni:/lib:/usr/lib"/>
    <property name="java.vm.info" value="mixed mode, sharing"/>
    <property name="java.vendor" value="Debian"/>
    <property name="java.vm.version" value="11.0.16+8-post-Debian-1deb10u1"/>
    <property name="sun.io.unicode.encoding" value="UnicodeLittle"/>
    <property name="java.class.version" value="55.0"/>
  </properties>
  <testcase name="shouldAnswerWithTrue" classname="br.com.jolly.AppTest" time="0.001"/>
</testsuite>